0 info it worked if it ends with ok
1 verbose cli [ '/usr/bin/node', '/usr/bin/npm', 'run', 'dev:dbg' ]
2 info using npm@3.8.3
3 info using node@v5.9.1
4 verbose run-script [ 'predev:dbg', 'dev:dbg', 'postdev:dbg' ]
5 info lifecycle CyberDefense@0.0.1~predev:dbg: CyberDefense@0.0.1
6 silly lifecycle CyberDefense@0.0.1~predev:dbg: no script for predev:dbg, continuing
7 info lifecycle CyberDefense@0.0.1~dev:dbg: CyberDefense@0.0.1
8 verbose lifecycle CyberDefense@0.0.1~dev:dbg: unsafe-perm in lifecycle true
9 verbose lifecycle CyberDefense@0.0.1~dev:dbg: PATH: /usr/lib/node_modules/npm/bin/node-gyp-bin:/home/ben/codefest/cyberdefense/node_modules/.bin:/usr/bin:/usr/local/sbin:/usr/local/bin:/usr/bin:/opt/android-sdk/platform-tools:/opt/android-sdk/tools:/usr/lib/jvm/default/bin:/usr/bin/site_perl:/usr/bin/vendor_perl:/usr/bin/core_perl:/home/ben/bin
10 verbose lifecycle CyberDefense@0.0.1~dev:dbg: CWD: /home/ben/codefest/cyberdefense
11 silly lifecycle CyberDefense@0.0.1~dev:dbg: Args: [ '-c', 'NODE_ENV=development DEBUG=app:*,lib:* gulp watch' ]
12 silly lifecycle CyberDefense@0.0.1~dev:dbg: Returned: code: 1  signal: null
13 info lifecycle CyberDefense@0.0.1~dev:dbg: Failed to exec dev:dbg script
14 verbose stack Error: CyberDefense@0.0.1 dev:dbg: `NODE_ENV=development DEBUG=app:*,lib:* gulp watch`
14 verbose stack Exit status 1
14 verbose stack     at EventEmitter.<anonymous> (/usr/lib/node_modules/npm/lib/utils/lifecycle.js:239:16)
14 verbose stack     at emitTwo (events.js:100:13)
14 verbose stack     at EventEmitter.emit (events.js:185:7)
14 verbose stack     at ChildProcess.<anonymous> (/usr/lib/node_modules/npm/lib/utils/spawn.js:24:14)
14 verbose stack     at emitTwo (events.js:100:13)
14 verbose stack     at ChildProcess.emit (events.js:185:7)
14 verbose stack     at maybeClose (internal/child_process.js:850:16)
14 verbose stack     at Process.ChildProcess._handle.onexit (internal/child_process.js:215:5)
15 verbose pkgid CyberDefense@0.0.1
16 verbose cwd /home/ben/codefest/cyberdefense
17 error Linux 4.4.6-1-MANJARO
18 error argv "/usr/bin/node" "/usr/bin/npm" "run" "dev:dbg"
19 error node v5.9.1
20 error npm  v3.8.3
21 error code ELIFECYCLE
22 error CyberDefense@0.0.1 dev:dbg: `NODE_ENV=development DEBUG=app:*,lib:* gulp watch`
22 error Exit status 1
23 error Failed at the CyberDefense@0.0.1 dev:dbg script 'NODE_ENV=development DEBUG=app:*,lib:* gulp watch'.
23 error Make sure you have the latest version of node.js and npm installed.
23 error If you do, this is most likely a problem with the CyberDefense package,
23 error not with npm itself.
23 error Tell the author that this fails on your system:
23 error     NODE_ENV=development DEBUG=app:*,lib:* gulp watch
23 error You can get information on how to open an issue for this project with:
23 error     npm bugs CyberDefense
23 error Or if that isn't available, you can get their info via:
23 error     npm owner ls CyberDefense
23 error There is likely additional logging output above.
24 verbose exit [ 1, true ]
